
============= MEMWATCH 2.71 Copyright (C) 1992-1999 Johan Lindh =============

Started at Tue Oct 27 15:16:51 2015

Modes: __STDC__ 64-bit mwDWORD==(unsigned long)
mwROUNDALLOC==8 sizeof(mwData)==32 mwDataSize==32


============= MEMWATCH 2.71 Copyright (C) 1992-1999 Johan Lindh =============

Started at Tue Oct 27 15:16:51 2015

Modes: __STDC__ 64-bit mwDWORD==(unsigned long)
mwROUNDALLOC==8 sizeof(mwData)==32 mwDataSize==32


============= MEMWATCH 2.71 Copyright (C) 1992-1999 Johan Lindh =============

Started at Tue Oct 27 15:16:51 2015

Modes: __STDC__ 64-bit mwDWORD==(unsigned long)
mwROUNDALLOC==8 sizeof(mwData)==32 mwDataSize==32


Stopped at Tue Oct 27 15:17:06 2015


Memory usage statistics (global):
 N)umber of allocations made: 0
 L)argest memory usage      : 0
 T)otal of all alloc() calls: 0
 U)nfreed bytes totals      : 0

============= MEMWATCH 2.71 Copyright (C) 1992-1999 Johan Lindh =============

Started at Tue Oct 27 16:02:31 2015

Modes: __STDC__ 64-bit mwDWORD==(unsigned long)
mwROUNDALLOC==8 sizeof(mwData)==32 mwDataSize==32


============= MEMWATCH 2.71 Copyright (C) 1992-1999 Johan Lindh =============

Started at Tue Oct 27 16:02:31 2015

Modes: __STDC__ 64-bit mwDWORD==(unsigned long)
mwROUNDALLOC==8 sizeof(mwData)==32 mwDataSize==32


Stopped at Tue Oct 27 16:02:46 2015


Memory usage statistics (global):
 N)umber of allocations made: 0
 L)argest memory usage      : 0
 T)otal of all alloc() calls: 0
 U)nfreed bytes totals      : 0

============= MEMWATCH 2.71 Copyright (C) 1992-1999 Johan Lindh =============

Started at Sun Nov  1 22:50:34 2015

Modes: __STDC__ 64-bit mwDWORD==(unsigned long)
mwROUNDALLOC==8 sizeof(mwData)==32 mwDataSize==32


============= MEMWATCH 2.71 Copyright (C) 1992-1999 Johan Lindh =============

Started at Sun Nov  1 22:53:47 2015

Modes: __STDC__ 64-bit mwDWORD==(unsigned long)
mwROUNDALLOC==8 sizeof(mwData)==32 mwDataSize==32


============= MEMWATCH 2.71 Copyright (C) 1992-1999 Johan Lindh =============

Started at Sun Nov  1 22:53:47 2015

Modes: __STDC__ 64-bit mwDWORD==(unsigned long)
mwROUNDALLOC==8 sizeof(mwData)==32 mwDataSize==32


============= MEMWATCH 2.71 Copyright (C) 1992-1999 Johan Lindh =============

Started at Sun Nov  1 22:56:06 2015

Modes: __STDC__ 64-bit mwDWORD==(unsigned long)
mwROUNDALLOC==8 sizeof(mwData)==32 mwDataSize==32


============= MEMWATCH 2.71 Copyright (C) 1992-1999 Johan Lindh =============

Started at Sun Nov  8 15:46:06 2015

Modes: __STDC__ 64-bit mwDWORD==(unsigned long)
mwROUNDALLOC==8 sizeof(mwData)==32 mwDataSize==32


Stopped at Sun Nov  8 15:46:18 2015


Memory usage statistics (global):
 N)umber of allocations made: 0
 L)argest memory usage      : 0
 T)otal of all alloc() calls: 0
 U)nfreed bytes totals      : 0

============= MEMWATCH 2.71 Copyright (C) 1992-1999 Johan Lindh =============

Started at Sun Nov  8 15:46:06 2015

Modes: __STDC__ 64-bit mwDWORD==(unsigned long)
mwROUNDALLOC==8 sizeof(mwData)==32 mwDataSize==32


Stopped at Sun Nov  8 15:46:21 2015


Memory usage statistics (global):
 N)umber of allocations made: 0
 L)argest memory usage      : 0
 T)otal of all alloc() calls: 0
 U)nfreed bytes totals      : 0

============= MEMWATCH 2.71 Copyright (C) 1992-1999 Johan Lindh =============

Started at Sun Nov  8 15:47:09 2015

Modes: __STDC__ 64-bit mwDWORD==(unsigned long)
mwROUNDALLOC==8 sizeof(mwData)==32 mwDataSize==32


Stopped at Sun Nov  8 15:47:24 2015


Memory usage statistics (global):
 N)umber of allocations made: 0
 L)argest memory usage      : 0
 T)otal of all alloc() calls: 0
 U)nfreed bytes totals      : 0

============= MEMWATCH 2.71 Copyright (C) 1992-1999 Johan Lindh =============

Started at Sun Nov  8 15:47:09 2015

Modes: __STDC__ 64-bit mwDWORD==(unsigned long)
mwROUNDALLOC==8 sizeof(mwData)==32 mwDataSize==32


Stopped at Sun Nov  8 15:47:32 2015


Memory usage statistics (global):
 N)umber of allocations made: 0
 L)argest memory usage      : 0
 T)otal of all alloc() calls: 0
 U)nfreed bytes totals      : 0

============= MEMWATCH 2.71 Copyright (C) 1992-1999 Johan Lindh =============

Started at Sun Nov  8 15:48:45 2015

Modes: __STDC__ 64-bit mwDWORD==(unsigned long)
mwROUNDALLOC==8 sizeof(mwData)==32 mwDataSize==32


Stopped at Sun Nov  8 15:49:00 2015


Memory usage statistics (global):
 N)umber of allocations made: 0
 L)argest memory usage      : 0
 T)otal of all alloc() calls: 0
 U)nfreed bytes totals      : 0

============= MEMWATCH 2.71 Copyright (C) 1992-1999 Johan Lindh =============

Started at Sun Nov  8 15:48:45 2015

Modes: __STDC__ 64-bit mwDWORD==(unsigned long)
mwROUNDALLOC==8 sizeof(mwData)==32 mwDataSize==32


Stopped at Sun Nov  8 15:49:16 2015


Memory usage statistics (global):
 N)umber of allocations made: 0
 L)argest memory usage      : 0
 T)otal of all alloc() calls: 0
 U)nfreed bytes totals      : 0

============= MEMWATCH 2.71 Copyright (C) 1992-1999 Johan Lindh =============

Started at Sun Nov  8 20:35:11 2015

Modes: __STDC__ 64-bit mwDWORD==(unsigned long)
mwROUNDALLOC==8 sizeof(mwData)==32 mwDataSize==32


Stopped at Sun Nov  8 20:35:19 2015


Memory usage statistics (global):
 N)umber of allocations made: 0
 L)argest memory usage      : 0
 T)otal of all alloc() calls: 0
 U)nfreed bytes totals      : 0

============= MEMWATCH 2.71 Copyright (C) 1992-1999 Johan Lindh =============

Started at Sun Nov  8 20:35:11 2015

Modes: __STDC__ 64-bit mwDWORD==(unsigned long)
mwROUNDALLOC==8 sizeof(mwData)==32 mwDataSize==32


Stopped at Sun Nov  8 20:35:26 2015


Memory usage statistics (global):
 N)umber of allocations made: 0
 L)argest memory usage      : 0
 T)otal of all alloc() calls: 0
 U)nfreed bytes totals      : 0

============= MEMWATCH 2.71 Copyright (C) 1992-1999 Johan Lindh =============

Started at Sun Nov  8 20:49:49 2015

Modes: __STDC__ 64-bit mwDWORD==(unsigned long)
mwROUNDALLOC==8 sizeof(mwData)==32 mwDataSize==32


Stopped at Sun Nov  8 20:50:04 2015


Memory usage statistics (global):
 N)umber of allocations made: 0
 L)argest memory usage      : 0
 T)otal of all alloc() calls: 0
 U)nfreed bytes totals      : 0

============= MEMWATCH 2.71 Copyright (C) 1992-1999 Johan Lindh =============

Started at Sun Nov  8 20:49:49 2015

Modes: __STDC__ 64-bit mwDWORD==(unsigned long)
mwROUNDALLOC==8 sizeof(mwData)==32 mwDataSize==32


Stopped at Sun Nov  8 20:50:18 2015


Memory usage statistics (global):
 N)umber of allocations made: 0
 L)argest memory usage      : 0
 T)otal of all alloc() calls: 0
 U)nfreed bytes totals      : 0

============= MEMWATCH 2.71 Copyright (C) 1992-1999 Johan Lindh =============

Started at Sun Nov  8 20:49:49 2015

Modes: __STDC__ 64-bit mwDWORD==(unsigned long)
mwROUNDALLOC==8 sizeof(mwData)==32 mwDataSize==32


Stopped at Sun Nov  8 20:50:19 2015


Memory usage statistics (global):
 N)umber of allocations made: 0
 L)argest memory usage      : 0
 T)otal of all alloc() calls: 0
 U)nfreed bytes totals      : 0

============= MEMWATCH 2.71 Copyright (C) 1992-1999 Johan Lindh =============

Started at Sun Nov  8 20:49:49 2015

Modes: __STDC__ 64-bit mwDWORD==(unsigned long)
mwROUNDALLOC==8 sizeof(mwData)==32 mwDataSize==32


Stopped at Sun Nov  8 20:51:54 2015


Memory usage statistics (global):
 N)umber of allocations made: 0
 L)argest memory usage      : 0
 T)otal of all alloc() calls: 0
 U)nfreed bytes totals      : 0

============= MEMWATCH 2.71 Copyright (C) 1992-1999 Johan Lindh =============

Started at Sun Nov  8 21:01:46 2015

Modes: __STDC__ 64-bit mwDWORD==(unsigned long)
mwROUNDALLOC==8 sizeof(mwData)==32 mwDataSize==32


Stopped at Sun Nov  8 21:01:57 2015


Memory usage statistics (global):
 N)umber of allocations made: 0
 L)argest memory usage      : 0
 T)otal of all alloc() calls: 0
 U)nfreed bytes totals      : 0

============= MEMWATCH 2.71 Copyright (C) 1992-1999 Johan Lindh =============

Started at Sun Nov  8 21:01:46 2015

Modes: __STDC__ 64-bit mwDWORD==(unsigned long)
mwROUNDALLOC==8 sizeof(mwData)==32 mwDataSize==32


Stopped at Sun Nov  8 21:02:01 2015


Memory usage statistics (global):
 N)umber of allocations made: 0
 L)argest memory usage      : 0
 T)otal of all alloc() calls: 0
 U)nfreed bytes totals      : 0

============= MEMWATCH 2.71 Copyright (C) 1992-1999 Johan Lindh =============

Started at Sun Nov  8 21:01:46 2015

Modes: __STDC__ 64-bit mwDWORD==(unsigned long)
mwROUNDALLOC==8 sizeof(mwData)==32 mwDataSize==32


Stopped at Sun Nov  8 21:02:01 2015


Memory usage statistics (global):
 N)umber of allocations made: 0
 L)argest memory usage      : 0
 T)otal of all alloc() calls: 0
 U)nfreed bytes totals      : 0

============= MEMWATCH 2.71 Copyright (C) 1992-1999 Johan Lindh =============

Started at Sun Nov  8 21:01:46 2015

Modes: __STDC__ 64-bit mwDWORD==(unsigned long)
mwROUNDALLOC==8 sizeof(mwData)==32 mwDataSize==32


Stopped at Sun Nov  8 21:02:16 2015


Memory usage statistics (global):
 N)umber of allocations made: 0
 L)argest memory usage      : 0
 T)otal of all alloc() calls: 0
 U)nfreed bytes totals      : 0

============= MEMWATCH 2.71 Copyright (C) 1992-1999 Johan Lindh =============

Started at Sun Nov  8 21:47:41 2015

Modes: __STDC__ 64-bit mwDWORD==(unsigned long)
mwROUNDALLOC==8 sizeof(mwData)==32 mwDataSize==32


Stopped at Sun Nov  8 21:47:56 2015


Memory usage statistics (global):
 N)umber of allocations made: 0
 L)argest memory usage      : 0
 T)otal of all alloc() calls: 0
 U)nfreed bytes totals      : 0

============= MEMWATCH 2.71 Copyright (C) 1992-1999 Johan Lindh =============

Started at Sun Nov  8 21:47:41 2015

Modes: __STDC__ 64-bit mwDWORD==(unsigned long)
mwROUNDALLOC==8 sizeof(mwData)==32 mwDataSize==32


Stopped at Sun Nov  8 21:48:11 2015


Memory usage statistics (global):
 N)umber of allocations made: 0
 L)argest memory usage      : 0
 T)otal of all alloc() calls: 0
 U)nfreed bytes totals      : 0

============= MEMWATCH 2.71 Copyright (C) 1992-1999 Johan Lindh =============

Started at Sun Nov  8 21:47:41 2015

Modes: __STDC__ 64-bit mwDWORD==(unsigned long)
mwROUNDALLOC==8 sizeof(mwData)==32 mwDataSize==32


Stopped at Sun Nov  8 21:48:12 2015


Memory usage statistics (global):
 N)umber of allocations made: 0
 L)argest memory usage      : 0
 T)otal of all alloc() calls: 0
 U)nfreed bytes totals      : 0

============= MEMWATCH 2.71 Copyright (C) 1992-1999 Johan Lindh =============

Started at Sun Nov  8 21:47:41 2015

Modes: __STDC__ 64-bit mwDWORD==(unsigned long)
mwROUNDALLOC==8 sizeof(mwData)==32 mwDataSize==32


Stopped at Sun Nov  8 21:48:35 2015


Memory usage statistics (global):
 N)umber of allocations made: 0
 L)argest memory usage      : 0
 T)otal of all alloc() calls: 0
 U)nfreed bytes totals      : 0
